  CubeModel.cpp
  Model.cpp
  main.cpp
  ofApp.cpp
D:\work\ip\of_v0.12.0_vs_release\libs\openFrameworks\math\ofVec3f.h(1,1): warning C4819: 该文件包含不能在当前代码页(936)中表示的字符。请将该文件保存为 Unicode 格式以防止数据丢失 (编译源文件 src\CubeModel.cpp)
D:\work\ip\of_v0.12.0_vs_release\libs\openFrameworks\math\ofVec2f.h(1,1): warning C4819: 该文件包含不能在当前代码页(936)中表示的字符。请将该文件保存为 Unicode 格式以防止数据丢失 (编译源文件 src\CubeModel.cpp)
D:\work\ip\of_v0.12.0_vs_release\libs\openFrameworks\math\ofVec3f.h(1,1): warning C4819: 该文件包含不能在当前代码页(936)中表示的字符。请将该文件保存为 Unicode 格式以防止数据丢失 (编译源文件 src\Model.cpp)
D:\work\ip\of_v0.12.0_vs_release\libs\openFrameworks\math\ofVec2f.h(1,1): warning C4819: 该文件包含不能在当前代码页(936)中表示的字符。请将该文件保存为 Unicode 格式以防止数据丢失 (编译源文件 src\Model.cpp)
D:\work\ip\of_v0.12.0_vs_release\libs\openFrameworks\math\ofVec3f.h(1,1): warning C4819: 该文件包含不能在当前代码页(936)中表示的字符。请将该文件保存为 Unicode 格式以防止数据丢失 (编译源文件 src\main.cpp)
D:\work\ip\of_v0.12.0_vs_release\libs\openFrameworks\math\ofVec2f.h(1,1): warning C4819: 该文件包含不能在当前代码页(936)中表示的字符。请将该文件保存为 Unicode 格式以防止数据丢失 (编译源文件 src\main.cpp)
D:\work\ip\of_v0.12.0_vs_release\libs\openFrameworks\math\ofVec3f.h(1,1): warning C4819: 该文件包含不能在当前代码页(936)中表示的字符。请将该文件保存为 Unicode 格式以防止数据丢失 (编译源文件 src\ofApp.cpp)
D:\work\ip\of_v0.12.0_vs_release\libs\openFrameworks\math\ofVec2f.h(1,1): warning C4819: 该文件包含不能在当前代码页(936)中表示的字符。请将该文件保存为 Unicode 格式以防止数据丢失 (编译源文件 src\ofApp.cpp)
D:\work\ip\of_v0.12.0_vs_release\libs\openFrameworks\math\ofMatrix4x4.h(326,20): warning C4267: “参数”: 从“size_t”转换到“int”，可能丢失数据 (编译源文件 src\CubeModel.cpp)
D:\work\ip\of_v0.12.0_vs_release\libs\openFrameworks\math\ofMatrix4x4.h(331,20): warning C4267: “参数”: 从“size_t”转换到“int”，可能丢失数据 (编译源文件 src\CubeModel.cpp)
D:\work\ip\of_v0.12.0_vs_release\libs\openFrameworks\math\ofMatrix4x4.h(912,11): warning C4267: “参数”: 从“size_t”转换到“int”，可能丢失数据 (编译源文件 src\CubeModel.cpp)
D:\work\ip\of_v0.12.0_vs_release\libs\openFrameworks\math\ofMatrix4x4.h(913,11): warning C4267: “参数”: 从“size_t”转换到“int”，可能丢失数据 (编译源文件 src\CubeModel.cpp)
D:\work\ip\of_v0.12.0_vs_release\libs\openFrameworks\math\ofMatrix4x4.h(914,11): warning C4267: “参数”: 从“size_t”转换到“int”，可能丢失数据 (编译源文件 src\CubeModel.cpp)
D:\work\ip\of_v0.12.0_vs_release\libs\openFrameworks\math\ofMatrix4x4.h(915,11): warning C4267: “参数”: 从“size_t”转换到“int”，可能丢失数据 (编译源文件 src\CubeModel.cpp)
D:\work\ip\of_v0.12.0_vs_release\libs\openFrameworks\math\ofMatrix4x4.h(326,20): warning C4267: “参数”: 从“size_t”转换到“int”，可能丢失数据 (编译源文件 src\Model.cpp)
D:\work\ip\of_v0.12.0_vs_release\libs\openFrameworks\math\ofMatrix4x4.h(331,20): warning C4267: “参数”: 从“size_t”转换到“int”，可能丢失数据 (编译源文件 src\Model.cpp)
D:\work\ip\of_v0.12.0_vs_release\libs\openFrameworks\math\ofMatrix4x4.h(912,11): warning C4267: “参数”: 从“size_t”转换到“int”，可能丢失数据 (编译源文件 src\Model.cpp)
D:\work\ip\of_v0.12.0_vs_release\libs\openFrameworks\math\ofMatrix4x4.h(913,11): warning C4267: “参数”: 从“size_t”转换到“int”，可能丢失数据 (编译源文件 src\Model.cpp)
D:\work\ip\of_v0.12.0_vs_release\libs\openFrameworks\math\ofMatrix4x4.h(914,11): warning C4267: “参数”: 从“size_t”转换到“int”，可能丢失数据 (编译源文件 src\Model.cpp)
D:\work\ip\of_v0.12.0_vs_release\libs\openFrameworks\math\ofMatrix4x4.h(915,11): warning C4267: “参数”: 从“size_t”转换到“int”，可能丢失数据 (编译源文件 src\Model.cpp)
D:\work\ip\of_v0.12.0_vs_release\libs\openFrameworks\math\ofMatrix4x4.h(326,20): warning C4267: “参数”: 从“size_t”转换到“int”，可能丢失数据 (编译源文件 src\ofApp.cpp)
D:\work\ip\of_v0.12.0_vs_release\libs\openFrameworks\math\ofMatrix4x4.h(331,20): warning C4267: “参数”: 从“size_t”转换到“int”，可能丢失数据 (编译源文件 src\ofApp.cpp)
D:\work\ip\of_v0.12.0_vs_release\libs\openFrameworks\math\ofMatrix4x4.h(326,20): warning C4267: “参数”: 从“size_t”转换到“int”，可能丢失数据 (编译源文件 src\main.cpp)
D:\work\ip\of_v0.12.0_vs_release\libs\openFrameworks\math\ofMatrix4x4.h(331,20): warning C4267: “参数”: 从“size_t”转换到“int”，可能丢失数据 (编译源文件 src\main.cpp)
D:\work\ip\of_v0.12.0_vs_release\libs\openFrameworks\math\ofMatrix4x4.h(912,11): warning C4267: “参数”: 从“size_t”转换到“int”，可能丢失数据 (编译源文件 src\ofApp.cpp)
D:\work\ip\of_v0.12.0_vs_release\libs\openFrameworks\math\ofMatrix4x4.h(913,11): warning C4267: “参数”: 从“size_t”转换到“int”，可能丢失数据 (编译源文件 src\ofApp.cpp)
D:\work\ip\of_v0.12.0_vs_release\libs\openFrameworks\math\ofMatrix4x4.h(914,11): warning C4267: “参数”: 从“size_t”转换到“int”，可能丢失数据 (编译源文件 src\ofApp.cpp)
D:\work\ip\of_v0.12.0_vs_release\libs\openFrameworks\math\ofMatrix4x4.h(915,11): warning C4267: “参数”: 从“size_t”转换到“int”，可能丢失数据 (编译源文件 src\ofApp.cpp)
D:\work\ip\of_v0.12.0_vs_release\libs\openFrameworks\math\ofMatrix4x4.h(912,11): warning C4267: “参数”: 从“size_t”转换到“int”，可能丢失数据 (编译源文件 src\main.cpp)
D:\work\ip\of_v0.12.0_vs_release\libs\openFrameworks\math\ofMatrix4x4.h(913,11): warning C4267: “参数”: 从“size_t”转换到“int”，可能丢失数据 (编译源文件 src\main.cpp)
D:\work\ip\of_v0.12.0_vs_release\libs\openFrameworks\math\ofMatrix4x4.h(914,11): warning C4267: “参数”: 从“size_t”转换到“int”，可能丢失数据 (编译源文件 src\main.cpp)
D:\work\ip\of_v0.12.0_vs_release\libs\openFrameworks\math\ofMatrix4x4.h(915,11): warning C4267: “参数”: 从“size_t”转换到“int”，可能丢失数据 (编译源文件 src\main.cpp)
D:\work\ip\of_v0.12.0_vs_release\addons\ofxSTL\src\ofxSTLBase.h(41,17): warning C4267: “初始化”: 从“size_t”转换到“int”，可能丢失数据 (编译源文件 src\CubeModel.cpp)
D:\work\ip\of_v0.12.0_vs_release\addons\ofxSTL\src\ofxSTLBase.h(56,17): warning C4267: “初始化”: 从“size_t”转换到“int”，可能丢失数据 (编译源文件 src\CubeModel.cpp)
D:\work\ip\of_v0.12.0_vs_release\addons\ofxSTL\src\ofxSTLBase.h(72,17): warning C4267: “初始化”: 从“size_t”转换到“int”，可能丢失数据 (编译源文件 src\CubeModel.cpp)
D:\work\ip\of_v0.12.0_vs_release\addons\ofxSTL\src\ofxSTLBase.h(92,17): warning C4267: “初始化”: 从“size_t”转换到“int”，可能丢失数据 (编译源文件 src\CubeModel.cpp)
D:\work\ip\of_v0.12.0_vs_release\addons\ofxSTL\src\ofxSTLBase.h(91,14): warning C4101: “height”: 未引用的局部变量 (编译源文件 src\CubeModel.cpp)
D:\work\ip\of_v0.12.0_vs_release\addons\ofxSTL\src\ofxSTLBase.h(91,7): warning C4101: “width”: 未引用的局部变量 (编译源文件 src\CubeModel.cpp)
D:\work\ip\of_v0.12.0_vs_release\addons\ofxSTL\src\ofxSTLBase.h(115,17): warning C4267: “初始化”: 从“size_t”转换到“int”，可能丢失数据 (编译源文件 src\CubeModel.cpp)
D:\work\ip\of_v0.12.0_vs_release\addons\ofxSTL\src\ofxSTLBase.h(130,17): warning C4267: “初始化”: 从“size_t”转换到“int”，可能丢失数据 (编译源文件 src\CubeModel.cpp)
D:\work\ip\of_v0.12.0_vs_release\addons\ofxSTL\src\ofxSTLBase.h(147,17): warning C4267: “初始化”: 从“size_t”转换到“int”，可能丢失数据 (编译源文件 src\CubeModel.cpp)
D:\work\ip\of_v0.12.0_vs_release\addons\ofxSTL\src\utils\ofxSTLBinaryWriter.h(32,17): warning C4018: “<”: 有符号/无符号不匹配 (编译源文件 src\CubeModel.cpp)
D:\work\ip\of_v0.12.0_vs_release\addons\ofxSTL\src\utils\ofxSTLASCIIWriter.h(33,17): warning C4267: “初始化”: 从“size_t”转换到“int”，可能丢失数据 (编译源文件 src\CubeModel.cpp)
D:\work\ip\of_v0.12.0_vs_release\apps\myApps\myModel\src\CubeModel.cpp(70,5): warning C4996: 'ofRotate': Use ofRotateDeg or ofRotateRad
D:\work\ip\of_v0.12.0_vs_release\addons\ofxSTL\src\ofxSTLBase.h(41,17): warning C4267: “初始化”: 从“size_t”转换到“int”，可能丢失数据 (编译源文件 src\Model.cpp)
D:\work\ip\of_v0.12.0_vs_release\addons\ofxSTL\src\ofxSTLBase.h(56,17): warning C4267: “初始化”: 从“size_t”转换到“int”，可能丢失数据 (编译源文件 src\Model.cpp)
D:\work\ip\of_v0.12.0_vs_release\addons\ofxSTL\src\ofxSTLBase.h(72,17): warning C4267: “初始化”: 从“size_t”转换到“int”，可能丢失数据 (编译源文件 src\Model.cpp)
D:\work\ip\of_v0.12.0_vs_release\addons\ofxSTL\src\ofxSTLBase.h(92,17): warning C4267: “初始化”: 从“size_t”转换到“int”，可能丢失数据 (编译源文件 src\Model.cpp)
D:\work\ip\of_v0.12.0_vs_release\addons\ofxSTL\src\ofxSTLBase.h(91,14): warning C4101: “height”: 未引用的局部变量 (编译源文件 src\Model.cpp)
D:\work\ip\of_v0.12.0_vs_release\addons\ofxSTL\src\ofxSTLBase.h(91,7): warning C4101: “width”: 未引用的局部变量 (编译源文件 src\Model.cpp)
D:\work\ip\of_v0.12.0_vs_release\addons\ofxSTL\src\ofxSTLBase.h(115,17): warning C4267: “初始化”: 从“size_t”转换到“int”，可能丢失数据 (编译源文件 src\Model.cpp)
D:\work\ip\of_v0.12.0_vs_release\addons\ofxSTL\src\ofxSTLBase.h(130,17): warning C4267: “初始化”: 从“size_t”转换到“int”，可能丢失数据 (编译源文件 src\Model.cpp)
D:\work\ip\of_v0.12.0_vs_release\addons\ofxSTL\src\ofxSTLBase.h(147,17): warning C4267: “初始化”: 从“size_t”转换到“int”，可能丢失数据 (编译源文件 src\Model.cpp)
D:\work\ip\of_v0.12.0_vs_release\addons\ofxSTL\src\utils\ofxSTLBinaryWriter.h(32,17): warning C4018: “<”: 有符号/无符号不匹配 (编译源文件 src\Model.cpp)
D:\work\ip\of_v0.12.0_vs_release\addons\ofxSTL\src\utils\ofxSTLASCIIWriter.h(33,17): warning C4267: “初始化”: 从“size_t”转换到“int”，可能丢失数据 (编译源文件 src\Model.cpp)
D:\work\ip\of_v0.12.0_vs_release\addons\ofxSTL\src\ofxSTLBase.h(41,17): warning C4267: “初始化”: 从“size_t”转换到“int”，可能丢失数据 (编译源文件 src\ofApp.cpp)
D:\work\ip\of_v0.12.0_vs_release\addons\ofxSTL\src\ofxSTLBase.h(56,17): warning C4267: “初始化”: 从“size_t”转换到“int”，可能丢失数据 (编译源文件 src\ofApp.cpp)
D:\work\ip\of_v0.12.0_vs_release\addons\ofxSTL\src\ofxSTLBase.h(72,17): warning C4267: “初始化”: 从“size_t”转换到“int”，可能丢失数据 (编译源文件 src\ofApp.cpp)
D:\work\ip\of_v0.12.0_vs_release\addons\ofxSTL\src\ofxSTLBase.h(92,17): warning C4267: “初始化”: 从“size_t”转换到“int”，可能丢失数据 (编译源文件 src\ofApp.cpp)
D:\work\ip\of_v0.12.0_vs_release\addons\ofxSTL\src\ofxSTLBase.h(91,14): warning C4101: “height”: 未引用的局部变量 (编译源文件 src\ofApp.cpp)
D:\work\ip\of_v0.12.0_vs_release\addons\ofxSTL\src\ofxSTLBase.h(91,7): warning C4101: “width”: 未引用的局部变量 (编译源文件 src\ofApp.cpp)
D:\work\ip\of_v0.12.0_vs_release\addons\ofxSTL\src\ofxSTLBase.h(115,17): warning C4267: “初始化”: 从“size_t”转换到“int”，可能丢失数据 (编译源文件 src\ofApp.cpp)
D:\work\ip\of_v0.12.0_vs_release\addons\ofxSTL\src\ofxSTLBase.h(130,17): warning C4267: “初始化”: 从“size_t”转换到“int”，可能丢失数据 (编译源文件 src\ofApp.cpp)
D:\work\ip\of_v0.12.0_vs_release\addons\ofxSTL\src\ofxSTLBase.h(147,17): warning C4267: “初始化”: 从“size_t”转换到“int”，可能丢失数据 (编译源文件 src\ofApp.cpp)
D:\work\ip\of_v0.12.0_vs_release\addons\ofxSTL\src\utils\ofxSTLBinaryWriter.h(32,17): warning C4018: “<”: 有符号/无符号不匹配 (编译源文件 src\ofApp.cpp)
D:\work\ip\of_v0.12.0_vs_release\addons\ofxSTL\src\utils\ofxSTLASCIIWriter.h(33,17): warning C4267: “初始化”: 从“size_t”转换到“int”，可能丢失数据 (编译源文件 src\ofApp.cpp)
D:\work\ip\of_v0.12.0_vs_release\apps\myApps\myModel\src\Model.cpp(36,64): warning C4996: 'ofVec3f::normalized': Use member method getNormalized() instead.
D:\work\ip\of_v0.12.0_vs_release\addons\ofxSTL\src\ofxSTLBase.h(41,17): warning C4267: “初始化”: 从“size_t”转换到“int”，可能丢失数据 (编译源文件 src\main.cpp)
D:\work\ip\of_v0.12.0_vs_release\addons\ofxSTL\src\ofxSTLBase.h(56,17): warning C4267: “初始化”: 从“size_t”转换到“int”，可能丢失数据 (编译源文件 src\main.cpp)
D:\work\ip\of_v0.12.0_vs_release\addons\ofxSTL\src\ofxSTLBase.h(72,17): warning C4267: “初始化”: 从“size_t”转换到“int”，可能丢失数据 (编译源文件 src\main.cpp)
D:\work\ip\of_v0.12.0_vs_release\addons\ofxSTL\src\ofxSTLBase.h(92,17): warning C4267: “初始化”: 从“size_t”转换到“int”，可能丢失数据 (编译源文件 src\main.cpp)
D:\work\ip\of_v0.12.0_vs_release\addons\ofxSTL\src\ofxSTLBase.h(91,14): warning C4101: “height”: 未引用的局部变量 (编译源文件 src\main.cpp)
D:\work\ip\of_v0.12.0_vs_release\addons\ofxSTL\src\ofxSTLBase.h(91,7): warning C4101: “width”: 未引用的局部变量 (编译源文件 src\main.cpp)
D:\work\ip\of_v0.12.0_vs_release\addons\ofxSTL\src\ofxSTLBase.h(115,17): warning C4267: “初始化”: 从“size_t”转换到“int”，可能丢失数据 (编译源文件 src\main.cpp)
D:\work\ip\of_v0.12.0_vs_release\addons\ofxSTL\src\ofxSTLBase.h(130,17): warning C4267: “初始化”: 从“size_t”转换到“int”，可能丢失数据 (编译源文件 src\main.cpp)
D:\work\ip\of_v0.12.0_vs_release\addons\ofxSTL\src\ofxSTLBase.h(147,17): warning C4267: “初始化”: 从“size_t”转换到“int”，可能丢失数据 (编译源文件 src\main.cpp)
D:\work\ip\of_v0.12.0_vs_release\addons\ofxSTL\src\utils\ofxSTLBinaryWriter.h(32,17): warning C4018: “<”: 有符号/无符号不匹配 (编译源文件 src\main.cpp)
D:\work\ip\of_v0.12.0_vs_release\addons\ofxSTL\src\utils\ofxSTLASCIIWriter.h(33,17): warning C4267: “初始化”: 从“size_t”转换到“int”，可能丢失数据 (编译源文件 src\main.cpp)
D:\work\ip\of_v0.12.0_vs_release\addons\ofxSTL\src\utils\ofxSTLASCIIReader.h(42,16): warning C4267: “初始化”: 从“size_t”转换到“int”，可能丢失数据 (编译源文件 src\ofApp.cpp)
D:\work\ip\of_v0.12.0_vs_release\addons\ofxSTL\src\utils\ofxSTLASCIIReader.h(45,19): warning C4018: “<”: 有符号/无符号不匹配 (编译源文件 src\ofApp.cpp)
D:\work\ip\of_v0.12.0_vs_release\addons\ofxSTL\src\utils\ofxSTLASCIIReader.h(34,16): warning C4101: “fileSize”: 未引用的局部变量 (编译源文件 src\ofApp.cpp)
D:\work\ip\of_v0.12.0_vs_release\addons\ofxSTL\src\utils\ofxSTLASCIIReader.h(66,26): warning C4267: “初始化”: 从“size_t”转换到“unsigned int”，可能丢失数据 (编译源文件 src\ofApp.cpp)
D:\work\ip\of_v0.12.0_vs_release\addons\ofxSTL\src\utils\ofxSTLASCIIReader.h(81,19): warning C4267: “初始化”: 从“size_t”转换到“int”，可能丢失数据 (编译源文件 src\ofApp.cpp)
D:\work\ip\of_v0.12.0_vs_release\addons\ofxSTL\src\utils\ofxSTLASCIIReader.h(94,19): warning C4267: “初始化”: 从“size_t”转换到“int”，可能丢失数据 (编译源文件 src\ofApp.cpp)
D:\work\ip\of_v0.12.0_vs_release\addons\ofxSTL\src\utils\ofxSTLASCIIReader.h(42,16): warning C4267: “初始化”: 从“size_t”转换到“int”，可能丢失数据 (编译源文件 src\main.cpp)
D:\work\ip\of_v0.12.0_vs_release\addons\ofxSTL\src\utils\ofxSTLASCIIReader.h(45,19): warning C4018: “<”: 有符号/无符号不匹配 (编译源文件 src\main.cpp)
D:\work\ip\of_v0.12.0_vs_release\addons\ofxSTL\src\utils\ofxSTLASCIIReader.h(34,16): warning C4101: “fileSize”: 未引用的局部变量 (编译源文件 src\main.cpp)
D:\work\ip\of_v0.12.0_vs_release\addons\ofxSTL\src\utils\ofxSTLASCIIReader.h(66,26): warning C4267: “初始化”: 从“size_t”转换到“unsigned int”，可能丢失数据 (编译源文件 src\main.cpp)
D:\work\ip\of_v0.12.0_vs_release\addons\ofxSTL\src\utils\ofxSTLASCIIReader.h(81,19): warning C4267: “初始化”: 从“size_t”转换到“int”，可能丢失数据 (编译源文件 src\main.cpp)
D:\work\ip\of_v0.12.0_vs_release\addons\ofxSTL\src\utils\ofxSTLASCIIReader.h(94,19): warning C4267: “初始化”: 从“size_t”转换到“int”，可能丢失数据 (编译源文件 src\main.cpp)
D:\work\ip\of_v0.12.0_vs_release\apps\myApps\myModel\src\ofApp.h(46,22): warning C4309: “初始化”: 截断常量值 (编译源文件 src\ofApp.cpp)
D:\work\ip\of_v0.12.0_vs_release\apps\myApps\myModel\src\ofApp.h(46,22): warning C4309: “初始化”: 截断常量值 (编译源文件 src\main.cpp)
LINK : warning LNK4075: 忽略“/INCREMENTAL”(由于“/FORCE”规范)
  myModel.vcxproj -> D:\work\ip\of_v0.12.0_vs_release\apps\myApps\myModel\bin\myModel_debug.exe
  
  	                   2	D:\work\ip\of_v0.12.0_vs_release\libs\fmod\lib\vs\x64\
  	  *多余文件   		 6942208	D:\work\ip\of_v0.12.0_vs_release\apps\myApps\myModel\bin\FreeImage.dll
  
  	                   1	D:\work\ip\of_v0.12.0_vs_release\libs\FreeImage\lib\vs\x64\
  	  *多余文件   		 1826304	D:\work\ip\of_v0.12.0_vs_release\apps\myApps\myModel\bin\fmod.dll
  	  *多余文件   		 2041856	D:\work\ip\of_v0.12.0_vs_release\apps\myApps\myModel\bin\fmodL.dll
